{
  "RSpec": {
    "coverage": {
      "/Users/georgedrayson/Projects/Battle/app.rb": [
        1,
        null,
        1,
        null,
        1,
        null,
        1,
        3,
        null,
        null,
        1,
        2,
        2,
        2,
        null,
        null,
        1,
        2,
        2,
        null,
        null,
        1,
        null,
        null
      ],
      "/Users/georgedrayson/Projects/Battle/spec/features/web_helpers.rb": [
        1,
        2,
        2,
        2,
        2,
        null
      ],
      "/Users/georgedrayson/Projects/Battle/spec/features/hit_points_spec.rb": [
        1,
        1,
        1,
        1,
        null,
        null,
        null
      ],
      "/Users/georgedrayson/Projects/Battle/spec/features/name_entry_spec.rb": [
        1,
        null,
        1,
        1,
        1,
        1,
        null,
        null,
        null
      ]
    },
    "timestamp": 1520445597
  }
}
