{
  "RSpec": {
    "coverage": {
      "/Users/georgedrayson/Projects/Battle/app.rb": [
        1,
        1,
        1,
        null,
        1,
        null,
        1,
        null,
        1,
        9,
        null,
        null,
        1,
        8,
        8,
        null,
        null,
        1,
        29,
        29,
        null,
        null,
        1,
        24,
        24,
        24,
        null,
        null,
        1,
        24,
        24,
        24,
        null,
        null,
        1,
        21,
        21,
        21,
        21,
        null,
        null,
        1,
        null,
        null
      ],
      "/Users/georgedrayson/Projects/Battle/lib/player.rb": [
        1,
        1,
        1,
        1,
        19,
        19,
        null,
        null,
        1,
        25,
        null,
        null
      ],
      "/Users/georgedrayson/Projects/Battle/lib/game.rb": [
        1,
        1,
        1,
        15,
        15,
        15,
        15,
        null,
        null,
        1,
        25,
        15,
        null,
        10,
        null,
        null,
        null,
        1,
        22,
        null,
        null,
        1,
        25,
        null,
        null,
        1,
        46,
        null,
        null,
        null
      ],
      "/Users/georgedrayson/Projects/Battle/spec/features/web_helpers.rb": [
        null,
        null,
        1,
        8,
        8,
        8,
        8,
        null,
        null,
        1,
        19,
        19,
        null
      ],
      "/Users/georgedrayson/Projects/Battle/spec/features/attack_player_spec.rb": [
        1,
        1,
        1,
        1,
        1,
        null,
        null
      ],
      "/Users/georgedrayson/Projects/Battle/spec/features/confirmation_spec.rb": [
        1,
        1,
        1,
        1,
        1,
        null,
        null
      ],
      "/Users/georgedrayson/Projects/Battle/spec/features/hit_points_spec.rb": [
        1,
        1,
        1,
        1,
        null,
        null,
        1,
        1,
        1,
        null,
        null,
        null
      ],
      "/Users/georgedrayson/Projects/Battle/spec/features/name_entry_spec.rb": [
        1,
        null,
        1,
        1,
        1,
        1,
        null,
        null,
        null
      ],
      "/Users/georgedrayson/Projects/Battle/spec/features/player_dies_spec.rb": [
        1,
        1,
        1,
        1,
        1,
        1,
        1,
        1,
        1,
        1,
        1,
        1,
        1,
        1,
        1,
        1,
        1,
        1,
        1,
        1,
        1,
        1,
        1,
        null,
        null
      ],
      "/Users/georgedrayson/Projects/Battle/spec/features/switch_spec.rb": [
        1,
        1,
        1,
        1,
        1,
        1,
        1,
        1,
        null,
        1,
        1,
        1,
        1,
        1,
        null,
        null
      ],
      "/Users/georgedrayson/Projects/Battle/spec/game_spec.rb": [
        1,
        null,
        1,
        8,
        8,
        8,
        null,
        1,
        null,
        1,
        1,
        null,
        null,
        1,
        1,
        null,
        null,
        null,
        null,
        1,
        1,
        1,
        null,
        1,
        null,
        null,
        null,
        1,
        null,
        1,
        1,
        1,
        null,
        null,
        null,
        null,
        1,
        null,
        1,
        1,
        null,
        null,
        null,
        null,
        1,
        null,
        1,
        1,
        null,
        null,
        1,
        1,
        null,
        1,
        null,
        null,
        null,
        null,
        null,
        null
      ],
      "/Users/georgedrayson/Projects/Battle/spec/player_spec.rb": [
        1,
        null,
        1,
        4,
        1,
        1,
        null,
        1,
        1,
        null,
        1,
        1,
        1,
        null,
        null
      ]
    },
    "timestamp": 1520598259
  }
}
